<?xml version="1.0" encoding="UTF-8"?>
<!-- Generated by org.testng.reporters.JUnitReportReporter -->
<testsuite hostname="DESKTOP-V4V8UK9" failures="0" tests="2" name="tests.testclass" time="55.779" errors="0" timestamp="2021-04-22T16:34:04 IST" skipped="0">
  <testcase classname="tests.testclass" name="openapp" time="31.831"/>
  <system-out/>
  <testcase classname="tests.testclass" name="bookFacility" time="23.948"/>
  <system-out/>
</testsuite> <!-- tests.testclass -->
